<?xml version="1.0" encoding="UTF-8"?>
<testsuite name="RentalTest" tests="2" skipped="0" failures="0" errors="0" timestamp="2018-07-12T19:44:47" hostname="admins-MacBook-Pro-2.local" time="0.0">
  <properties/>
  <testcase name="frequentRenterPointsUpdatesCorrectlyWithNewReleaseMovieRentedForMoreThanADay" classname="RentalTest" time="0.0"/>
  <testcase name="frequentRenterPointsUpdatesCorrectly" classname="RentalTest" time="0.0"/>
  <system-out><![CDATA[]]></system-out>
  <system-err><![CDATA[]]></system-err>
</testsuite>
